0 info it worked if it ends with ok
1 verbose cli [ 'C:\\Program Files\\nodejs\\\\node.exe',
1 verbose cli   'C:\\Program Files\\nodejs\\node_modules\\npm\\bin\\npm-cli.js',
1 verbose cli   'uninstall',
1 verbose cli   'handlebars' ]
2 info using npm@1.3.11
3 info using node@v0.10.21
4 verbose node symlink C:\Program Files\nodejs\\node.exe
5 info C:\Development\git\aidglasses\node_modules\handlebars unbuild
6 info preuninstall handlebars@1.0.12
7 info uninstall handlebars@1.0.12
8 verbose true,C:\Development\git\aidglasses\node_modules,C:\Development\git\aidglasses\node_modules unbuild handlebars@1.0.12
9 verbose C:\Development\git\aidglasses\node_modules\.bin,[object Object] binRoot
10 info postuninstall handlebars@1.0.12
11 error Error: ENOTEMPTY, rmdir 'C:\Development\git\aidglasses\node_modules\handlebars\lib\handlebars'
12 error If you need help, you may report this log at:
12 error     <http://github.com/isaacs/npm/issues>
12 error or email it to:
12 error     <npm-@googlegroups.com>
13 error System Windows_NT 6.2.9200
14 error command "C:\\Program Files\\nodejs\\\\node.exe" "C:\\Program Files\\nodejs\\node_modules\\npm\\bin\\npm-cli.js" "uninstall" "handlebars"
15 error cwd C:\Development\git\aidglasses
16 error node -v v0.10.21
17 error npm -v 1.3.11
18 error path C:\Development\git\aidglasses\node_modules\handlebars\lib\handlebars
19 error code ENOTEMPTY
20 error errno 53
21 verbose exit [ 53, true ]
